Arguments: 
  /usr/local/bin/node /usr/local/Cellar/yarn/1.22.5/libexec/bin/yarn.js

PATH: 
  /Users/danwetherald/.rbenv/bin:/usr/local/opt/ruby/bin:/Users/danwetherald/.rbenv/shims:/usr/local/bin:/usr/bin:/bin:/Users/danwetherald/.cargo/bin:/Users/danwetherald/.rbenv/shims:/Users/danwetherald/.rbenv/bin:/Users/danwetherald/.cargo/bin:/usr/local/bin:/usr/bin:/bin:/usr/sbin:/sbin:/Library/Apple/usr/bin:/Users/danwetherald/.rbenv/bin:/usr/local/opt/ruby/bin:/Users/danwetherald/.rbenv/shims:/Users/danwetherald/.cargo/bin:/Applications/kitty.app/Contents/MacOS:/Users/danwetherald/.fzf/bin:/Users/danwetherald/.rvm/bin:/sbin:/Users/danwetherald/.rvm/bin:/Users/danwetherald/.go/bin:/usr/local/opt/go/libexec/bin

Yarn version: 
  1.22.5

Node version: 
  12.18.3

Platform: 
  darwin x64

Trace: 
  Error: getaddrinfo ENOTFOUND registry.yarnpkg.com
      at GetAddrInfoReqWrap.onlookup [as oncomplete] (dns.js:66:26)

npm manifest: 
  {
    "name": "@bettercart/re-headless-ui-react",
    "homepage": "https://www.getbettercart.com",
    "version": "0.0.1",
    "scripts": {
      "copy-git-hooks": "if [ -e ./hooks ] && [ -e ./.git/hooks ]; then cp -v ./hooks/* ./.git/hooks; fi",
      "prepare": "if [ -z \"$CI\" ]; then yarn copy-git-hooks; fi",
      "re:clean": "bsb -clean-world",
      "re:build": "bsb -make-world",
      "re:watch": "bsb -make-world -w"
    },
    "keywords": [
      "BuckleScript",
      "Rescript",
      "TailwindCSS",
      "Headless UI",
      "Tailwind"
    ],
    "optionalDependencies": {},
    "author": "Better Cart Inc",
    "license": "MIT",
    "dependencies": {
      "reason-react": "^0.9.1",
      "@headlessui/react": "^0.2.0"
    },
    "peerDependencies": {
      "bs-platform": "^8.3.1",
      "prettier": "^2.1.2",
      "lint-staged": "^10.4.0"
    },
    "lint-staged": {
      "*.js": [
        "prettier --write"
      ],
      "*.{md,scss,css,json}": [
        "prettier --write"
      ],
      "*.{re,rei}": [
        "bsrefmt --in-place"
      ]
    }
  }

yarn manifest: 
  No manifest

Lockfile: 
  # THIS IS AN AUTOGENERATED FILE. DO NOT EDIT THIS FILE DIRECTLY.
  # yarn lockfile v1
  
  
  "@headlessui/react@^0.2.0":
    version "0.2.0"
    resolved "https://registry.yarnpkg.com/@headlessui/react/-/react-0.2.0.tgz#a31f90892d736243ba91c1474f534b3256d0c538"
    integrity sha512-YV+vF+QhTRcspydPdHF3ZXe+FkOiJpRdqMjjFIIX9bSdT2O2T7GurgKQdGgamNUM+B99MZBOTRqxS8Dlh485eg==
